\BOOKMARK [0][-]{chapter.1}{Introduction}{}% 1
\BOOKMARK [1][-]{section.1.1}{Purpose of this study}{chapter.1}% 2
\BOOKMARK [1][-]{section.1.2}{Overview of Chapters}{chapter.1}% 3
\BOOKMARK [0][-]{chapter.2}{Trash in Theory}{}% 4
\BOOKMARK [1][-]{section.2.1}{Etymology/Terminology}{chapter.2}% 5
\BOOKMARK [2][-]{subsection.2.1.1}{Origins of Vocabulary}{section.2.1}% 6
\BOOKMARK [2][-]{subsection.2.1.2}{Reuse and Recycle}{section.2.1}% 7
\BOOKMARK [1][-]{section.2.2}{What is trash?}{chapter.2}% 8
\BOOKMARK [2][-]{subsection.2.2.1}{Trash is everywhere and, produced every time}{section.2.2}% 9
\BOOKMARK [2][-]{subsection.2.2.2}{Cycle of trash}{section.2.2}% 10
\BOOKMARK [2][-]{subsection.2.2.3}{Perspectives related with trash from different disciplines}{section.2.2}% 11
\BOOKMARK [2][-]{subsection.2.2.4}{Throw away culture}{section.2.2}% 12
\BOOKMARK [2][-]{subsection.2.2.5}{How does it become trash?}{section.2.2}% 13
\BOOKMARK [2][-]{subsection.2.2.6}{Types and Comparison of trashes}{section.2.2}% 14
\BOOKMARK [2][-]{subsection.2.2.7}{What is wrong with trash?}{section.2.2}% 15
\BOOKMARK [2][-]{subsection.2.2.8}{Collecting trash}{section.2.2}% 16
\BOOKMARK [1][-]{section.2.3}{Rubbish Theory}{chapter.2}% 17
\BOOKMARK [2][-]{subsection.2.3.1}{Rubbish Theory in Practice}{section.2.3}% 18
\BOOKMARK [3][-]{subsubsection.2.3.1.1}{Transients, Rubbish and Durables}{subsection.2.3.1}% 19
\BOOKMARK [3][-]{subsubsection.2.3.1.2}{The Practices of Value Creation: From Rubbish to Durable}{subsection.2.3.1}% 20
\BOOKMARK [2][-]{subsection.2.3.2}{Theoretical Analysis of Found Object}{section.2.3}% 21
\BOOKMARK [3][-]{subsubsection.2.3.2.1}{Seeking Objects}{subsection.2.3.2}% 22
\BOOKMARK [3][-]{subsubsection.2.3.2.2}{Found Objects in Art}{subsection.2.3.2}% 23
\BOOKMARK [1][-]{section.2.4}{Bricolage}{chapter.2}% 24
\BOOKMARK [1][-]{section.2.5}{Literature review, discussions, ideas\203}{chapter.2}% 25
\BOOKMARK [2][-]{subsection.2.5.1}{Examined-life, Zizek}{section.2.5}% 26
\BOOKMARK [2][-]{subsection.2.5.2}{Culture, Values, and Garbage}{section.2.5}% 27
\BOOKMARK [2][-]{subsection.2.5.3}{Garbage in Modern Thought}{section.2.5}% 28
\BOOKMARK [3][-]{subsubsection.2.5.3.1}{Categorization and Value}{subsection.2.5.3}% 29
\BOOKMARK [3][-]{subsubsection.2.5.3.2}{Semiotic Context}{subsection.2.5.3}% 30
\BOOKMARK [2][-]{subsection.2.5.4}{Garbology}{section.2.5}% 31
\BOOKMARK [2][-]{subsection.2.5.5}{Trash as History/Memory}{section.2.5}% 32
\BOOKMARK [2][-]{subsection.2.5.6}{Trash Aesthetics}{section.2.5}% 33
\BOOKMARK [2][-]{subsection.2.5.7}{Discussions}{section.2.5}% 34
\BOOKMARK [1][-]{section.2.6}{Summary}{chapter.2}% 35
\BOOKMARK [0][-]{chapter.3}{Trash in Art}{}% 36
\BOOKMARK [1][-]{section.3.1}{Root in the Art History}{chapter.3}% 37
\BOOKMARK [2][-]{subsection.3.1.1}{Collage}{section.3.1}% 38
\BOOKMARK [2][-]{subsection.3.1.2}{Assemblage}{section.3.1}% 39
\BOOKMARK [2][-]{subsection.3.1.3}{Found Object \(Ready-mades\)}{section.3.1}% 40
\BOOKMARK [2][-]{subsection.3.1.4}{Folk Art}{section.3.1}% 41
\BOOKMARK [2][-]{subsection.3.1.5}{Garbage Art, Recycling Art}{section.3.1}% 42
\BOOKMARK [1][-]{section.3.2}{The case of ``The Gleaners and I''}{chapter.3}% 43
\BOOKMARK [1][-]{section.3.3}{Example Artworks}{chapter.3}% 44
\BOOKMARK [2][-]{subsection.3.3.1}{Artist statements}{section.3.3}% 45
\BOOKMARK [1][-]{section.3.4}{Discussions}{chapter.3}% 46
\BOOKMARK [2][-]{subsection.3.4.1}{What might be the meaning of using trash as a medium in the artworks? Questioning trash as a medium for artist}{section.3.4}% 47
\BOOKMARK [1][-]{section.3.5}{Art and activism}{chapter.3}% 48
\BOOKMARK [1][-]{section.3.6}{Crowdsourcing, Participation}{chapter.3}% 49
\BOOKMARK [1][-]{section.3.7}{Summary}{chapter.3}% 50
\BOOKMARK [0][-]{chapter.4}{My work}{}% 51
\BOOKMARK [1][-]{section.4.1}{Artist Statement}{chapter.4}% 52
\BOOKMARK [1][-]{section.4.2}{Inspired Works}{chapter.4}% 53
\BOOKMARK [1][-]{section.4.3}{Progress}{chapter.4}% 54
\BOOKMARK [2][-]{subsection.4.3.1}{\(Overcomed\) Problems}{section.4.3}% 55
\BOOKMARK [3][-]{subsubsection.4.3.1.1}{Functionality and Art Debate}{subsection.4.3.1}% 56
\BOOKMARK [2][-]{subsection.4.3.2}{Paper}{section.4.3}% 57
\BOOKMARK [3][-]{subsubsection.4.3.2.1}{Environmental Impact}{subsection.4.3.2}% 58
\BOOKMARK [3][-]{subsubsection.4.3.2.2}{History of paper}{subsection.4.3.2}% 59
\BOOKMARK [3][-]{subsubsection.4.3.2.3}{Production of paper}{subsection.4.3.2}% 60
\BOOKMARK [3][-]{subsubsection.4.3.2.4}{Uses of paper}{subsection.4.3.2}% 61
\BOOKMARK [2][-]{subsection.4.3.3}{Why \(package\) paper?}{section.4.3}% 62
\BOOKMARK [2][-]{subsection.4.3.4}{Why covering notebooks and books?}{section.4.3}% 63
\BOOKMARK [2][-]{subsection.4.3.5}{Why giving away?}{section.4.3}% 64
\BOOKMARK [2][-]{subsection.4.3.6}{Why in the public space?}{section.4.3}% 65
\BOOKMARK [2][-]{subsection.4.3.7}{Why is it art?}{section.4.3}% 66
\BOOKMARK [2][-]{subsection.4.3.8}{Artistic tactics}{section.4.3}% 67
\BOOKMARK [2][-]{subsection.4.3.9}{How I reached to notebook?}{section.4.3}% 68
\BOOKMARK [2][-]{subsection.4.3.10}{What do I think about trash?}{section.4.3}% 69
\BOOKMARK [1][-]{section.4.4}{Parts of project \(or final work\)}{chapter.4}% 70
\BOOKMARK [2][-]{subsection.4.4.1}{Notebooks}{section.4.4}% 71
\BOOKMARK [3][-]{subsubsection.4.4.1.1}{Name of notebooks}{subsection.4.4.1}% 72
\BOOKMARK [3][-]{subsubsection.4.4.1.2}{Collected materials}{subsection.4.4.1}% 73
\BOOKMARK [2][-]{subsection.4.4.2}{Website}{section.4.4}% 74
\BOOKMARK [0][-]{chapter.5}{Conclusion}{}% 75
\BOOKMARK [0][-]{chapter*.8}{References}{}% 76
